<?xml version="1.0" encoding="UTF-8"?>
<!-- Generated by org.testng.reporters.JUnitReportReporter -->
<testsuite hostname="Prabhu_N" failures="0" tests="4" name="Assignment.DataProviderShopperStack" time="36.748" errors="0" timestamp="14 Feb 2024 08:27:37 GMT" skipped="0">
  <testcase classname="Assignment.DataProviderShopperStack" name="LoginOperationString" time="13.202"/>
  <testcase classname="Assignment.DataProviderShopperStack" name="LoginOperationString" time="7.596"/>
  <testcase classname="Assignment.DataProviderShopperStack" name="LoginOperationString" time="8.119"/>
  <testcase classname="Assignment.DataProviderShopperStack" name="LoginOperationString" time="7.831"/>
</testsuite> <!-- Assignment.DataProviderShopperStack -->
