<?xml version="1.0" encoding="UTF-8"?>
<!-- Generated by org.testng.reporters.JUnitReportReporter -->
<testsuite hostname="Prabhu_N" failures="0" tests="1" name="Assignment.InvalidTestCase" time="33.179" errors="0" timestamp="14 Feb 2024 06:34:55 GMT" skipped="0">
  <testcase classname="Assignment.InvalidTestCase" name="invalidTestData" time="33.179"/>
</testsuite> <!-- Assignment.InvalidTestCase -->
