<?xml version="1.0" encoding="UTF-8"?>
<!-- Generated by org.testng.reporters.JUnitReportReporter -->
<testsuite hostname="Prabhu_N" failures="0" tests="1" name="Assignment.AssetionExemple" time="3.086" errors="0" timestamp="14 Feb 2024 09:28:49 GMT" skipped="0">
  <testcase classname="Assignment.AssetionExemple" name="assertionLearining" time="3.086"/>
</testsuite> <!-- Assignment.AssetionExemple -->
